2025.02.08 22:23:46 INFO  Started: Metals version 1.5.1 in folders '/Users/alicankoc/fun/dungonGame' for client Visual Studio Code 1.97.0.
Feb. 08, 2025 10:23:47 PM org.eclipse.lsp4j.jsonrpc.services.GenericEndpoint notify
INFORMATION: Unsupported notification method: $/setTrace
2025.02.08 22:23:52 INFO  no build target found for /Users/alicankoc/fun/dungonGame/src/main/scala/Enums.scala. Using presentation compiler with project's scala-library version: 3.3.4
2025.02.08 22:23:52 INFO  no build target found for /Users/alicankoc/fun/dungonGame/src/main/scala/Enums.scala. Using presentation compiler with project's scala-library version: 3.3.4
2025.02.08 22:23:57 INFO  running '/opt/homebrew/bin/sbt -Dbloop.export-jar-classifiers=sources bloopInstall'
2025.02.08 22:23:57 INFO  no build target found for /Users/alicankoc/fun/dungonGame/src/main/scala/Enums.scala. Using presentation compiler with project's scala-library version: 3.3.4
2025.02.08 22:23:57 WARN  no build target for: /Users/alicankoc/fun/dungonGame/project/metals.sbt
2025.02.08 22:23:57 WARN  no build target for: /Users/alicankoc/fun/dungonGame/project/project/metals.sbt
2025.02.08 22:23:57 INFO  no build target found for /Users/alicankoc/fun/dungonGame/project/metals.sbt. Using presentation compiler with project's scala-library version: 3.3.4
2025.02.08 22:23:57 INFO  no build target found for /Users/alicankoc/fun/dungonGame/src/main/scala/Enums.scala. Using presentation compiler with project's scala-library version: 3.3.4
2025.02.08 22:23:57 INFO  no build target found for /Users/alicankoc/fun/dungonGame/project/project/metals.sbt. Using presentation compiler with project's scala-library version: 3.3.4
2025.02.08 22:23:58 INFO  [info] welcome to sbt 1.10.7 (Oracle Corporation Java 23.0.2)
2025.02.08 22:23:58 INFO  [info] loading settings for project dungongame-build-build from metals.sbt...
2025.02.08 22:23:59 INFO  [info] loading project definition from /Users/alicankoc/fun/dungonGame/project/project
2025.02.08 22:23:59 INFO  [info] loading settings for project dungongame-build from metals.sbt...
2025.02.08 22:23:59 INFO  [info] loading project definition from /Users/alicankoc/fun/dungonGame/project
2025.02.08 22:24:00 INFO  no build target found for /Users/alicankoc/fun/dungonGame/src/main/scala/Enums.scala. Using presentation compiler with project's scala-library version: 3.3.4
2025.02.08 22:24:00 INFO  no build target found for /Users/alicankoc/fun/dungonGame/src/main/scala/Enums.scala. Using presentation compiler with project's scala-library version: 3.3.4
2025.02.08 22:24:00 INFO  no build target found for /Users/alicankoc/fun/dungonGame/src/main/scala/Enums.scala. Using presentation compiler with project's scala-library version: 3.3.4
2025.02.08 22:24:01 INFO  [success] Generated .bloop/dungongame-build.json
2025.02.08 22:24:01 INFO  [success] Total time: 1 s, completed 08.02.2025, 22:24:01
2025.02.08 22:24:01 INFO  [info] loading settings for project root from build.sbt...
2025.02.08 22:24:01 INFO  [info] set current project to dungonGame (in build file:/Users/alicankoc/fun/dungonGame/)
2025.02.08 22:24:01 INFO  [success] Generated .bloop/root.json
2025.02.08 22:24:01 INFO  [success] Generated .bloop/root-test.json
2025.02.08 22:24:01 INFO  [success] Total time: 0 s, completed 08.02.2025, 22:24:01
2025.02.08 22:24:01 INFO  time: ran 'sbt bloopInstall' in 4.63s
2025.02.08 22:24:01 INFO  Attempting to connect to the build server...
2025.02.08 22:24:01 INFO  Found a Bloop server running
2025.02.08 22:24:01 INFO  tracing is disabled for protocol BSP, to enable tracing of incoming and outgoing JSON messages create an empty file at /Users/alicankoc/fun/dungonGame/.metals/bsp.trace.json or /Users/alicankoc/Library/Caches/org.scalameta.metals/bsp.trace.json
2025.02.08 22:24:01 INFO  Attempting to connect to the build server...
2025.02.08 22:24:01 INFO  Found a Bloop server running
2025.02.08 22:24:01 INFO  tracing is disabled for protocol BSP, to enable tracing of incoming and outgoing JSON messages create an empty file at /Users/alicankoc/fun/dungonGame/project/.metals/bsp.trace.json or /Users/alicankoc/Library/Caches/org.scalameta.metals/bsp.trace.json
2025.02.08 22:24:01 INFO  time: Connected to build server in 0.28s
2025.02.08 22:24:01 INFO  Connected to Build server: Bloop v2.0.8
2025.02.08 22:24:01 INFO  running doctor check
2025.02.08 22:24:01 INFO  java targets: dungongame-build, root, root-test
Feb. 08, 2025 10:24:05 PM scala.meta.internal.pc.CompilerAccess handleError
SCHWERWIEGEND: A severe compiler error occurred, full details of the error can be found in the error report /Users/alicankoc/fun/dungonGame/.metals/.reports/metals-full/2025-02-08/r_compiler-error_(root)_22-24-05-776.md
2025.02.08 22:24:06 INFO  time: indexed workspace in 4.26s
2025.02.08 22:24:06 INFO  compiling root (7 scala sources)
2025.02.08 22:24:06 INFO  time: compiled root in 0.8s
2025.02.08 22:24:06 INFO  compiling root (7 scala sources)
2025.02.08 22:24:07 INFO  time: compiled root in 0.16s
Feb. 08, 2025 10:24:17 PM org.eclipse.lsp4j.jsonrpc.services.GenericEndpoint notify
WARNUNG: Unsupported notification method: metals/windowStateDidChange
Feb. 08, 2025 10:25:12 PM org.eclipse.lsp4j.jsonrpc.services.GenericEndpoint notify
WARNUNG: Unsupported notification method: metals/windowStateDidChange
2025.02.08 22:25:51 INFO  compiling root (7 scala sources)
2025.02.08 22:25:51 INFO  time: compiled root in 0.12s
Feb. 08, 2025 10:26:19 PM org.eclipse.lsp4j.jsonrpc.RemoteEndpoint handleCancellation
WARNUNG: Unmatched cancel notification for request id 436
2025.02.08 22:26:22 INFO  compiling root (7 scala sources)
2025.02.08 22:26:22 INFO  time: compiled root in 0.15s
2025.02.08 22:26:33 INFO  compiling root (7 scala sources)
2025.02.08 22:26:33 WARN  Invalid text document uri received from build server: file:///Users/alicankoc/fun/dungonGame/src/main/scala/Enums.scala
2025.02.08 22:26:33 INFO  time: compiled root in 0.1s
2025.02.08 22:26:33 INFO  compiling root (7 scala sources)
2025.02.08 22:26:33 INFO  time: compiled root in 0.12s
2025.02.08 22:26:51 INFO  compiling root (7 scala sources)
2025.02.08 22:26:51 INFO  time: compiled root in 65ms
2025.02.08 22:27:08 INFO  compiling root (7 scala sources)
2025.02.08 22:27:08 INFO  time: compiled root in 63ms
Feb. 08, 2025 10:27:56 PM org.eclipse.lsp4j.jsonrpc.services.GenericEndpoint notify
WARNUNG: Unsupported notification method: metals/windowStateDidChange
Feb. 08, 2025 10:28:39 PM org.eclipse.lsp4j.jsonrpc.services.GenericEndpoint notify
WARNUNG: Unsupported notification method: metals/windowStateDidChange
2025.02.08 22:29:05 INFO  compiling root (7 scala sources)
2025.02.08 22:29:05 INFO  time: compiled root in 70ms
2025.02.08 22:29:28 WARN  Could not find semantic tokens for: file:///Users/alicankoc/fun/dungonGame/src/main/scala/Types.scala
2025.02.08 22:29:28 WARN  Could not find semantic tokens for: file:///Users/alicankoc/fun/dungonGame/src/main/scala/Types.scala
2025.02.08 22:29:29 WARN  Could not find semantic tokens for: file:///Users/alicankoc/fun/dungonGame/src/main/scala/Types.scala
2025.02.08 22:29:29 INFO  compiling root (7 scala sources)
2025.02.08 22:29:29 INFO  time: compiled root in 62ms
2025.02.08 22:30:15 WARN  Could not find semantic tokens for: file:///Users/alicankoc/fun/dungonGame/src/main/scala/User.scala
2025.02.08 22:30:23 INFO  compiling root (6 scala sources)
2025.02.08 22:30:23 WARN  Invalid text document uri received from build server: file:///Users/alicankoc/fun/dungonGame/src/main/scala/attributes/Attributes.scala
2025.02.08 22:30:23 INFO  time: compiled root in 0.41s
2025.02.08 22:30:33 INFO  compiling root (1 scala source)
2025.02.08 22:30:33 INFO  time: compiled root in 0.17s
2025.02.08 22:30:37 INFO  compiling root (1 scala source)
2025.02.08 22:30:37 INFO  time: compiled root in 89ms
2025.02.08 22:30:38 WARN  Could not find semantic tokens for: file:///Users/alicankoc/fun/dungonGame/src/main/scala/User.scala
2025.02.08 22:30:46 INFO  compiling root (1 scala source)
2025.02.08 22:30:46 INFO  time: compiled root in 66ms
Feb. 08, 2025 10:30:52 PM org.eclipse.lsp4j.jsonrpc.services.GenericEndpoint notify
WARNUNG: Unsupported notification method: metals/windowStateDidChange
Feb. 08, 2025 10:31:13 PM org.eclipse.lsp4j.jsonrpc.services.GenericEndpoint notify
WARNUNG: Unsupported notification method: metals/windowStateDidChange
Feb. 08, 2025 10:33:27 PM org.eclipse.lsp4j.jsonrpc.services.GenericEndpoint notify
WARNUNG: Unsupported notification method: metals/windowStateDidChange
Feb. 08, 2025 10:34:07 PM org.eclipse.lsp4j.jsonrpc.services.GenericEndpoint notify
WARNUNG: Unsupported notification method: metals/windowStateDidChange
Feb. 08, 2025 10:39:30 PM org.eclipse.lsp4j.jsonrpc.services.GenericEndpoint notify
WARNUNG: Unsupported notification method: metals/windowStateDidChange
Feb. 08, 2025 10:39:30 PM org.eclipse.lsp4j.jsonrpc.services.GenericEndpoint notify
WARNUNG: Unsupported notification method: metals/windowStateDidChange
Feb. 08, 2025 10:42:12 PM org.eclipse.lsp4j.jsonrpc.RemoteEndpoint handleCancellation
WARNUNG: Unmatched cancel notification for request id 2139
Feb. 08, 2025 10:42:20 PM org.eclipse.lsp4j.jsonrpc.RemoteEndpoint handleCancellation
WARNUNG: Unmatched cancel notification for request id 2191
2025.02.08 22:42:34 INFO  compiling root (1 scala source)
2025.02.08 22:42:34 INFO  time: compiled root in 0.27s
2025.02.08 22:43:11 INFO  compiling root (1 scala source)
2025.02.08 22:43:11 INFO  time: compiled root in 0.13s
2025.02.08 22:43:17 INFO  compiling root (1 scala source)
2025.02.08 22:43:17 INFO  time: compiled root in 54ms
2025.02.08 22:43:22 INFO  time: compiled root in 3ms
2025.02.08 22:44:36 INFO  compiling root (1 scala source)
2025.02.08 22:44:36 INFO  time: compiled root in 97ms
2025.02.08 22:44:40 INFO  compiling root (1 scala source)
2025.02.08 22:44:40 INFO  time: compiled root in 77ms
2025.02.08 22:44:56 INFO  compiling root (1 scala source)
2025.02.08 22:44:56 INFO  time: compiled root in 61ms
2025.02.08 22:44:59 INFO  compiling root (1 scala source)
2025.02.08 22:44:59 INFO  time: compiled root in 73ms
2025.02.08 22:45:15 INFO  compiling root (1 scala source)
2025.02.08 22:45:15 INFO  time: compiled root in 57ms
Feb. 08, 2025 10:45:24 PM org.eclipse.lsp4j.jsonrpc.RemoteEndpoint handleCancellation
WARNUNG: Unmatched cancel notification for request id 3153
2025.02.08 22:45:24 INFO  compiling root (1 scala source)
2025.02.08 22:45:24 INFO  time: compiled root in 43ms
2025.02.08 22:45:47 INFO  compiling root (1 scala source)
2025.02.08 22:45:47 INFO  time: compiled root in 76ms
2025.02.08 22:45:58 INFO  compiling root (1 scala source)
2025.02.08 22:45:58 INFO  time: compiled root in 61ms
2025.02.08 22:46:00 INFO  compiling root (1 scala source)
2025.02.08 22:46:00 INFO  time: compiled root in 52ms
2025.02.08 22:46:00 INFO  compiling root (1 scala source)
2025.02.08 22:46:00 INFO  time: compiled root in 44ms
2025.02.08 22:46:04 INFO  compiling root (1 scala source)
2025.02.08 22:46:04 INFO  time: compiled root in 55ms
2025.02.08 22:46:09 INFO  compiling root (1 scala source)
2025.02.08 22:46:09 INFO  time: compiled root in 46ms
2025.02.08 22:46:21 INFO  compiling root (1 scala source)
2025.02.08 22:46:21 INFO  time: compiled root in 0.1s
2025.02.08 22:46:38 INFO  compiling root (1 scala source)
2025.02.08 22:46:38 INFO  time: compiled root in 0.11s
2025.02.08 22:46:42 INFO  compiling root (1 scala source)
2025.02.08 22:46:42 INFO  time: compiled root in 0.1s
2025.02.08 22:46:43 INFO  compiling root (1 scala source)
2025.02.08 22:46:43 INFO  time: compiled root in 93ms
2025.02.08 22:46:57 INFO  compiling root (1 scala source)
2025.02.08 22:46:57 INFO  time: compiled root in 62ms
2025.02.08 22:46:58 WARN  Could not load snapshot text for /Users/alicankoc/fun/dungonGame/src/main/scala/attributes.scala
2025.02.08 22:47:00 WARN  Could not load snapshot text for /Users/alicankoc/fun/dungonGame/src/main/scala/attributes.scala
2025.02.08 22:47:01 WARN  Could not load snapshot text for /Users/alicankoc/fun/dungonGame/src/main/scala/attributes.scala
2025.02.08 22:47:01 INFO  compiling root (1 scala source)
2025.02.08 22:47:01 INFO  time: compiled root in 90ms
Feb. 08, 2025 10:47:25 PM org.eclipse.lsp4j.jsonrpc.RemoteEndpoint handleCancellation
WARNUNG: Unmatched cancel notification for request id 4078
Feb. 08, 2025 10:47:36 PM org.eclipse.lsp4j.jsonrpc.RemoteEndpoint handleCancellation
WARNUNG: Unmatched cancel notification for request id 4222
2025.02.08 22:47:49 INFO  compiling root (1 scala source)
2025.02.08 22:47:49 INFO  time: compiled root in 89ms
2025.02.08 22:49:12 INFO  compiling root (1 scala source)
2025.02.08 22:49:12 INFO  time: compiled root in 0.11s
2025.02.08 22:49:17 INFO  compiling root (1 scala source)
2025.02.08 22:49:17 INFO  time: compiled root in 82ms
2025.02.08 22:50:08 INFO  compiling root (1 scala source)
2025.02.08 22:50:08 INFO  time: compiled root in 73ms
2025.02.08 22:50:16 INFO  time: compiled root in 3ms
2025.02.08 22:50:45 INFO  compiling root (1 scala source)
2025.02.08 22:50:45 INFO  time: compiled root in 73ms
Feb. 08, 2025 10:51:14 PM org.eclipse.lsp4j.jsonrpc.RemoteEndpoint handleCancellation
WARNUNG: Unmatched cancel notification for request id 5298
2025.02.08 22:51:47 INFO  compiling root (1 scala source)
2025.02.08 22:51:47 INFO  time: compiled root in 52ms
2025.02.08 22:51:49 INFO  compiling root (1 scala source)
2025.02.08 22:51:49 INFO  time: compiled root in 55ms
Feb. 08, 2025 10:52:18 PM org.eclipse.lsp4j.jsonrpc.services.GenericEndpoint notify
WARNUNG: Unsupported notification method: metals/windowStateDidChange
Feb. 08, 2025 10:52:47 PM org.eclipse.lsp4j.jsonrpc.services.GenericEndpoint notify
WARNUNG: Unsupported notification method: metals/windowStateDidChange
Feb. 08, 2025 10:53:22 PM org.eclipse.lsp4j.jsonrpc.services.GenericEndpoint notify
WARNUNG: Unsupported notification method: metals/windowStateDidChange
Feb. 08, 2025 10:53:22 PM org.eclipse.lsp4j.jsonrpc.services.GenericEndpoint notify
WARNUNG: Unsupported notification method: metals/windowStateDidChange
Feb. 08, 2025 10:54:32 PM org.eclipse.lsp4j.jsonrpc.services.GenericEndpoint notify
WARNUNG: Unsupported notification method: metals/windowStateDidChange
Feb. 08, 2025 10:54:42 PM org.eclipse.lsp4j.jsonrpc.services.GenericEndpoint notify
WARNUNG: Unsupported notification method: metals/windowStateDidChange
2025.02.08 22:54:50 INFO  compiling root (1 scala source)
2025.02.08 22:54:50 INFO  time: compiled root in 77ms
2025.02.08 22:55:00 INFO  time: compiled root in 3ms
Feb. 08, 2025 10:55:04 PM org.eclipse.lsp4j.jsonrpc.services.GenericEndpoint notify
WARNUNG: Unsupported notification method: metals/windowStateDidChange
Feb. 08, 2025 10:55:40 PM org.eclipse.lsp4j.jsonrpc.services.GenericEndpoint notify
WARNUNG: Unsupported notification method: metals/windowStateDidChange
2025.02.08 22:55:56 INFO  compiling root (1 scala source)
2025.02.08 22:55:56 INFO  time: compiled root in 0.11s
Feb. 08, 2025 10:56:35 PM org.eclipse.lsp4j.jsonrpc.services.GenericEndpoint notify
INFORMATION: Unsupported notification method: $/setTrace
2025.02.08 22:58:14 INFO  compiling root (1 scala source)
2025.02.08 22:58:14 INFO  time: compiled root in 27ms
Feb. 08, 2025 10:58:18 PM org.eclipse.lsp4j.jsonrpc.RemoteEndpoint handleCancellation
WARNUNG: Unmatched cancel notification for request id 6073
2025.02.08 22:58:19 INFO  compiling root (1 scala source)
2025.02.08 22:58:19 INFO  time: compiled root in 36ms
2025.02.08 22:58:35 INFO  time: compiled root in 3ms
Feb. 08, 2025 10:58:36 PM org.eclipse.lsp4j.jsonrpc.services.GenericEndpoint notify
WARNUNG: Unsupported notification method: metals/windowStateDidChange
Feb. 08, 2025 10:59:15 PM org.eclipse.lsp4j.jsonrpc.services.GenericEndpoint notify
WARNUNG: Unsupported notification method: metals/windowStateDidChange
2025.02.08 22:59:51 INFO  compiling root (1 scala source)
2025.02.08 22:59:51 INFO  time: compiled root in 78ms
Feb. 08, 2025 11:00:04 PM scala.meta.internal.metals.StdReporter $anonfun$create$1
SCHWERWIEGEND: expected identifier; obtained class (full report at: /Users/alicankoc/fun/dungonGame/.metals/.reports/metals/2025-02-08/r_scala-toplevel-mtags_23-00-04-539.md)
2025.02.08 23:00:04 INFO  compiling root (1 scala source)
2025.02.08 23:00:04 INFO  time: compiled root in 42ms
2025.02.08 23:00:07 INFO  compiling root (1 scala source)
2025.02.08 23:00:07 INFO  time: compiled root in 80ms
2025.02.08 23:00:48 INFO  compiling root (1 scala source)
2025.02.08 23:00:48 INFO  time: compiled root in 99ms
2025.02.08 23:00:55 INFO  compiling root (1 scala source)
2025.02.08 23:00:55 INFO  time: compiled root in 0.13s
2025.02.08 23:01:01 INFO  compiling root (1 scala source)
2025.02.08 23:01:01 INFO  time: compiled root in 59ms
Feb. 08, 2025 11:01:02 PM org.eclipse.lsp4j.jsonrpc.services.GenericEndpoint notify
WARNUNG: Unsupported notification method: metals/windowStateDidChange
Feb. 08, 2025 11:01:55 PM org.eclipse.lsp4j.jsonrpc.services.GenericEndpoint notify
WARNUNG: Unsupported notification method: metals/windowStateDidChange
Feb. 08, 2025 11:33:42 PM org.eclipse.lsp4j.jsonrpc.services.GenericEndpoint notify
WARNUNG: Unsupported notification method: metals/windowStateDidChange
Feb. 08, 2025 11:33:42 PM org.eclipse.lsp4j.jsonrpc.services.GenericEndpoint notify
WARNUNG: Unsupported notification method: metals/windowStateDidChange
Feb. 08, 2025 11:33:43 PM org.eclipse.lsp4j.jsonrpc.services.GenericEndpoint notify
WARNUNG: Unsupported notification method: metals/windowStateDidChange
Feb. 08, 2025 11:34:54 PM org.eclipse.lsp4j.jsonrpc.services.GenericEndpoint notify
WARNUNG: Unsupported notification method: metals/windowStateDidChange
Feb. 09, 2025 12:41:12 AM org.eclipse.lsp4j.jsonrpc.services.GenericEndpoint notify
WARNUNG: Unsupported notification method: metals/windowStateDidChange
Feb. 09, 2025 12:41:13 AM org.eclipse.lsp4j.jsonrpc.services.GenericEndpoint notify
WARNUNG: Unsupported notification method: metals/windowStateDidChange
2025.02.09 00:41:44 INFO  compiling root (1 scala source)
2025.02.09 00:41:44 INFO  time: compiled root in 66ms
Feb. 09, 2025 12:41:53 AM org.eclipse.lsp4j.jsonrpc.services.GenericEndpoint notify
WARNUNG: Unsupported notification method: metals/windowStateDidChange
Feb. 09, 2025 12:42:08 AM org.eclipse.lsp4j.jsonrpc.services.GenericEndpoint notify
WARNUNG: Unsupported notification method: metals/windowStateDidChange
